2025-01-22 12:17:02,154 INFO  [restartedMain] com.tpe.SpringBootIntroApplication:Starting SpringBootIntroApplication using Java 17.0.12 on ümmü with PID 27444 (C:\Users\ummuh\OneDrive\Masaüstü\SpringBootIntro\SpringBootIntro\target\classes started by ummuh in C:\Users\ummuh\OneDrive\Masaüstü\SpringBootIntro\SpringBootIntro)
2025-01-22 12:17:02,162 INFO  [restartedMain] com.tpe.SpringBootIntroApplication:No active profile set, falling back to default profiles: default
2025-01-22 12:17:02,257 INFO  [restartedMain] org.springframework.boot.devtools.env.DevToolsPropertyDefaultsPostProcessor:Devtools property defaults active! Set 'spring.devtools.add-properties' to 'false' to disable
2025-01-22 12:17:02,258 INFO  [restartedMain] org.springframework.boot.devtools.env.DevToolsPropertyDefaultsPostProcessor:For additional web related logging consider setting the 'logging.level.web' property to 'DEBUG'
2025-01-22 12:17:03,567 INFO  [restartedMain] org.springframework.data.repository.config.RepositoryConfigurationDelegate:Bootstrapping Spring Data JPA repositories in DEFAULT mode.
2025-01-22 12:17:03,632 INFO  [restartedMain] org.springframework.data.repository.config.RepositoryConfigurationDelegate:Finished Spring Data repository scanning in 52 ms. Found 1 JPA repository interfaces.
2025-01-22 12:17:04,632 INFO  [restartedMain] org.springframework.boot.web.embedded.tomcat.TomcatWebServer:Tomcat initialized with port(s): 8080 (http)
2025-01-22 12:17:04,648 INFO  [restartedMain] org.apache.catalina.core.StandardService:Starting service [Tomcat]
2025-01-22 12:17:04,649 INFO  [restartedMain] org.apache.catalina.core.StandardEngine:Starting Servlet engine: [Apache Tomcat/9.0.56]
2025-01-22 12:17:04,750 INFO  [restartedMain] org.apache.catalina.core.ContainerBase.[Tomcat].[localhost].[/]:Initializing Spring embedded WebApplicationContext
2025-01-22 12:17:04,751 INFO  [restartedMain] org.springframework.boot.web.servlet.context.ServletWebServerApplicationContext:Root WebApplicationContext: initialization completed in 2492 ms
2025-01-22 12:17:05,199 INFO  [restartedMain] org.hibernate.jpa.internal.util.LogHelper:HHH000204: Processing PersistenceUnitInfo [name: default]
2025-01-22 12:17:05,351 INFO  [restartedMain] org.hibernate.Version:HHH000412: Hibernate ORM core version 5.6.4.Final
2025-01-22 12:17:05,597 INFO  [restartedMain] org.hibernate.annotations.common.Version:HCANN000001: Hibernate Commons Annotations {5.1.2.Final}
2025-01-22 12:17:05,760 INFO  [restartedMain] com.zaxxer.hikari.HikariDataSource:HikariPool-1 - Starting...
2025-01-22 12:17:06,011 INFO  [restartedMain] com.zaxxer.hikari.HikariDataSource:HikariPool-1 - Start completed.
2025-01-22 12:17:06,036 INFO  [restartedMain] org.hibernate.dialect.Dialect:HHH000400: Using dialect: org.hibernate.dialect.PostgreSQL9Dialect
2025-01-22 12:17:06,965 INFO  [restartedMain] org.hibernate.engine.transaction.jta.platform.internal.JtaPlatformInitiator:HHH000490: Using JtaPlatform implementation: [org.hibernate.engine.transaction.jta.platform.internal.NoJtaPlatform]
2025-01-22 12:17:06,974 INFO  [restartedMain] org.springframework.orm.jpa.LocalContainerEntityManagerFactoryBean:Initialized JPA EntityManagerFactory for persistence unit 'default'
2025-01-22 12:17:07,684 WARN  [restartedMain] org.springframework.boot.autoconfigure.orm.jpa.JpaBaseConfiguration$JpaWebConfiguration:spring.jpa.open-in-view is enabled by default. Therefore, database queries may be performed during view rendering. Explicitly configure spring.jpa.open-in-view to disable this warning
2025-01-22 12:17:08,256 INFO  [restartedMain] org.springframework.boot.autoconfigure.security.servlet.UserDetailsServiceAutoConfiguration:

Using generated security password: 900b081c-d8b2-4e0d-8907-d94925faef14

2025-01-22 12:17:08,420 INFO  [restartedMain] org.springframework.boot.actuate.endpoint.web.EndpointLinksResolver:Exposing 6 endpoint(s) beneath base path '/actuator'
2025-01-22 12:17:08,443 INFO  [restartedMain] org.springframework.security.web.DefaultSecurityFilterChain:Will secure any request with [org.springframework.security.web.context.request.async.WebAsyncManagerIntegrationFilter@30b856bd, org.springframework.security.web.context.SecurityContextPersistenceFilter@a4b8dfc, org.springframework.security.web.header.HeaderWriterFilter@3511d344, org.springframework.web.filter.CorsFilter@151c3f51, org.springframework.security.web.csrf.CsrfFilter@a281915, org.springframework.security.web.authentication.logout.LogoutFilter@1bdc6d18, org.springframework.security.web.authentication.UsernamePasswordAuthenticationFilter@799e6ca7, org.springframework.security.web.authentication.ui.DefaultLoginPageGeneratingFilter@728bca14, org.springframework.security.web.authentication.ui.DefaultLogoutPageGeneratingFilter@dcc753b, org.springframework.security.web.authentication.www.BasicAuthenticationFilter@4e8ac849, org.springframework.security.web.savedrequest.RequestCacheAwareFilter@13376c1e, org.springframework.security.web.servletapi.SecurityContextHolderAwareRequestFilter@7db9cd4f, org.springframework.security.web.authentication.AnonymousAuthenticationFilter@49a7633d, org.springframework.security.web.session.SessionManagementFilter@1ddc61da, org.springframework.security.web.access.ExceptionTranslationFilter@70d83986, org.springframework.security.web.access.intercept.FilterSecurityInterceptor@7804fbd3]
2025-01-22 12:17:08,541 INFO  [restartedMain] org.springframework.boot.devtools.autoconfigure.OptionalLiveReloadServer:LiveReload server is running on port 35729
2025-01-22 12:17:08,590 INFO  [restartedMain] org.springframework.boot.web.embedded.tomcat.TomcatWebServer:Tomcat started on port(s): 8080 (http) with context path ''
2025-01-22 12:17:08,613 INFO  [restartedMain] com.tpe.SpringBootIntroApplication:Started SpringBootIntroApplication in 7.138 seconds (JVM running for 7.805)
2025-01-22 12:17:09,791 INFO  [http-nio-8080-exec-1] org.apache.catalina.core.ContainerBase.[Tomcat].[localhost].[/]:Initializing Spring DispatcherServlet 'dispatcherServlet'
2025-01-22 12:21:45,219 INFO  [SpringApplicationShutdownHook] org.springframework.orm.jpa.LocalContainerEntityManagerFactoryBean:Closing JPA EntityManagerFactory for persistence unit 'default'
2025-01-22 12:21:45,222 INFO  [SpringApplicationShutdownHook] com.zaxxer.hikari.HikariDataSource:HikariPool-1 - Shutdown initiated...
2025-01-22 12:21:45,224 INFO  [SpringApplicationShutdownHook] com.zaxxer.hikari.HikariDataSource:HikariPool-1 - Shutdown completed.
2025-01-22 12:21:47,809 INFO  [restartedMain] com.tpe.SpringBootIntroApplication:Starting SpringBootIntroApplication using Java 17.0.12 on ümmü with PID 26728 (C:\Users\ummuh\OneDrive\Masaüstü\SpringBootIntro\SpringBootIntro\target\classes started by ummuh in C:\Users\ummuh\OneDrive\Masaüstü\SpringBootIntro\SpringBootIntro)
2025-01-22 12:21:47,810 INFO  [restartedMain] com.tpe.SpringBootIntroApplication:No active profile set, falling back to default profiles: default
2025-01-22 12:21:47,881 INFO  [restartedMain] org.springframework.boot.devtools.env.DevToolsPropertyDefaultsPostProcessor:Devtools property defaults active! Set 'spring.devtools.add-properties' to 'false' to disable
2025-01-22 12:21:47,881 INFO  [restartedMain] org.springframework.boot.devtools.env.DevToolsPropertyDefaultsPostProcessor:For additional web related logging consider setting the 'logging.level.web' property to 'DEBUG'
2025-01-22 12:21:49,059 INFO  [restartedMain] org.springframework.data.repository.config.RepositoryConfigurationDelegate:Bootstrapping Spring Data JPA repositories in DEFAULT mode.
2025-01-22 12:21:49,121 INFO  [restartedMain] org.springframework.data.repository.config.RepositoryConfigurationDelegate:Finished Spring Data repository scanning in 51 ms. Found 1 JPA repository interfaces.
2025-01-22 12:21:50,110 INFO  [restartedMain] org.springframework.boot.web.embedded.tomcat.TomcatWebServer:Tomcat initialized with port(s): 8080 (http)
2025-01-22 12:21:50,131 INFO  [restartedMain] org.apache.catalina.core.StandardService:Starting service [Tomcat]
2025-01-22 12:21:50,131 INFO  [restartedMain] org.apache.catalina.core.StandardEngine:Starting Servlet engine: [Apache Tomcat/9.0.56]
2025-01-22 12:21:50,224 INFO  [restartedMain] org.apache.catalina.core.ContainerBase.[Tomcat].[localhost].[/]:Initializing Spring embedded WebApplicationContext
2025-01-22 12:21:50,224 INFO  [restartedMain] org.springframework.boot.web.servlet.context.ServletWebServerApplicationContext:Root WebApplicationContext: initialization completed in 2342 ms
2025-01-22 12:21:50,727 INFO  [restartedMain] org.hibernate.jpa.internal.util.LogHelper:HHH000204: Processing PersistenceUnitInfo [name: default]
2025-01-22 12:21:50,883 INFO  [restartedMain] org.hibernate.Version:HHH000412: Hibernate ORM core version 5.6.4.Final
2025-01-22 12:21:51,145 INFO  [restartedMain] org.hibernate.annotations.common.Version:HCANN000001: Hibernate Commons Annotations {5.1.2.Final}
2025-01-22 12:21:51,351 INFO  [restartedMain] com.zaxxer.hikari.HikariDataSource:HikariPool-1 - Starting...
2025-01-22 12:21:51,574 INFO  [restartedMain] com.zaxxer.hikari.HikariDataSource:HikariPool-1 - Start completed.
2025-01-22 12:21:51,598 INFO  [restartedMain] org.hibernate.dialect.Dialect:HHH000400: Using dialect: org.hibernate.dialect.PostgreSQL9Dialect
2025-01-22 12:21:52,446 INFO  [restartedMain] org.hibernate.engine.transaction.jta.platform.internal.JtaPlatformInitiator:HHH000490: Using JtaPlatform implementation: [org.hibernate.engine.transaction.jta.platform.internal.NoJtaPlatform]
2025-01-22 12:21:52,453 INFO  [restartedMain] org.springframework.orm.jpa.LocalContainerEntityManagerFactoryBean:Initialized JPA EntityManagerFactory for persistence unit 'default'
2025-01-22 12:21:53,104 WARN  [restartedMain] org.springframework.boot.autoconfigure.orm.jpa.JpaBaseConfiguration$JpaWebConfiguration:spring.jpa.open-in-view is enabled by default. Therefore, database queries may be performed during view rendering. Explicitly configure spring.jpa.open-in-view to disable this warning
2025-01-22 12:21:53,723 INFO  [restartedMain] org.springframework.boot.autoconfigure.security.servlet.UserDetailsServiceAutoConfiguration:

Using generated security password: 63b41fbc-db41-426f-b55b-e5ab8c5da597

2025-01-22 12:21:53,902 INFO  [restartedMain] org.springframework.boot.actuate.endpoint.web.EndpointLinksResolver:Exposing 6 endpoint(s) beneath base path '/actuator'
2025-01-22 12:21:53,919 INFO  [restartedMain] org.springframework.security.web.DefaultSecurityFilterChain:Will secure any request with [org.springframework.security.web.context.request.async.WebAsyncManagerIntegrationFilter@5df6b1f4, org.springframework.security.web.context.SecurityContextPersistenceFilter@6e41b352, org.springframework.security.web.header.HeaderWriterFilter@46904f72, org.springframework.web.filter.CorsFilter@edf0801, org.springframework.security.web.csrf.CsrfFilter@2eff6299, org.springframework.security.web.authentication.logout.LogoutFilter@76529c4f, org.springframework.security.web.authentication.UsernamePasswordAuthenticationFilter@152831d8, org.springframework.security.web.authentication.ui.DefaultLoginPageGeneratingFilter@af20ef0, org.springframework.security.web.authentication.ui.DefaultLogoutPageGeneratingFilter@6beeb333, org.springframework.security.web.authentication.www.BasicAuthenticationFilter@43e4d607, org.springframework.security.web.savedrequest.RequestCacheAwareFilter@391e6c82, org.springframework.security.web.servletapi.SecurityContextHolderAwareRequestFilter@673b0201, org.springframework.security.web.authentication.AnonymousAuthenticationFilter@7d18b638, org.springframework.security.web.session.SessionManagementFilter@1901b659, org.springframework.security.web.access.ExceptionTranslationFilter@7283f335, org.springframework.security.web.access.intercept.FilterSecurityInterceptor@423dccbf]
2025-01-22 12:21:54,000 INFO  [restartedMain] org.springframework.boot.devtools.autoconfigure.OptionalLiveReloadServer:LiveReload server is running on port 35729
2025-01-22 12:21:54,054 INFO  [restartedMain] org.springframework.boot.web.embedded.tomcat.TomcatWebServer:Tomcat started on port(s): 8080 (http) with context path ''
2025-01-22 12:21:54,069 INFO  [restartedMain] com.tpe.SpringBootIntroApplication:Started SpringBootIntroApplication in 6.931 seconds (JVM running for 7.475)
2025-01-22 12:22:12,640 INFO  [http-nio-8080-exec-1] org.apache.catalina.core.ContainerBase.[Tomcat].[localhost].[/]:Initializing Spring DispatcherServlet 'dispatcherServlet'
2025-01-22 12:23:10,492 INFO  [SpringApplicationShutdownHook] org.springframework.orm.jpa.LocalContainerEntityManagerFactoryBean:Closing JPA EntityManagerFactory for persistence unit 'default'
2025-01-22 12:23:10,496 INFO  [SpringApplicationShutdownHook] com.zaxxer.hikari.HikariDataSource:HikariPool-1 - Shutdown initiated...
2025-01-22 12:23:10,499 INFO  [SpringApplicationShutdownHook] com.zaxxer.hikari.HikariDataSource:HikariPool-1 - Shutdown completed.
2025-01-22 12:23:13,035 INFO  [restartedMain] com.tpe.SpringBootIntroApplication:Starting SpringBootIntroApplication using Java 17.0.12 on ümmü with PID 16984 (C:\Users\ummuh\OneDrive\Masaüstü\SpringBootIntro\SpringBootIntro\target\classes started by ummuh in C:\Users\ummuh\OneDrive\Masaüstü\SpringBootIntro\SpringBootIntro)
2025-01-22 12:23:13,036 INFO  [restartedMain] com.tpe.SpringBootIntroApplication:No active profile set, falling back to default profiles: default
2025-01-22 12:23:13,109 INFO  [restartedMain] org.springframework.boot.devtools.env.DevToolsPropertyDefaultsPostProcessor:Devtools property defaults active! Set 'spring.devtools.add-properties' to 'false' to disable
2025-01-22 12:23:13,109 INFO  [restartedMain] org.springframework.boot.devtools.env.DevToolsPropertyDefaultsPostProcessor:For additional web related logging consider setting the 'logging.level.web' property to 'DEBUG'
2025-01-22 12:23:14,356 INFO  [restartedMain] org.springframework.data.repository.config.RepositoryConfigurationDelegate:Bootstrapping Spring Data JPA repositories in DEFAULT mode.
2025-01-22 12:23:14,430 INFO  [restartedMain] org.springframework.data.repository.config.RepositoryConfigurationDelegate:Finished Spring Data repository scanning in 59 ms. Found 1 JPA repository interfaces.
2025-01-22 12:23:15,428 INFO  [restartedMain] org.springframework.boot.web.embedded.tomcat.TomcatWebServer:Tomcat initialized with port(s): 8080 (http)
2025-01-22 12:23:15,443 INFO  [restartedMain] org.apache.catalina.core.StandardService:Starting service [Tomcat]
2025-01-22 12:23:15,444 INFO  [restartedMain] org.apache.catalina.core.StandardEngine:Starting Servlet engine: [Apache Tomcat/9.0.56]
2025-01-22 12:23:15,528 INFO  [restartedMain] org.apache.catalina.core.ContainerBase.[Tomcat].[localhost].[/]:Initializing Spring embedded WebApplicationContext
2025-01-22 12:23:15,528 INFO  [restartedMain] org.springframework.boot.web.servlet.context.ServletWebServerApplicationContext:Root WebApplicationContext: initialization completed in 2418 ms
2025-01-22 12:23:15,983 INFO  [restartedMain] org.hibernate.jpa.internal.util.LogHelper:HHH000204: Processing PersistenceUnitInfo [name: default]
2025-01-22 12:23:16,116 INFO  [restartedMain] org.hibernate.Version:HHH000412: Hibernate ORM core version 5.6.4.Final
2025-01-22 12:23:16,426 INFO  [restartedMain] org.hibernate.annotations.common.Version:HCANN000001: Hibernate Commons Annotations {5.1.2.Final}
2025-01-22 12:23:16,633 INFO  [restartedMain] com.zaxxer.hikari.HikariDataSource:HikariPool-1 - Starting...
2025-01-22 12:23:16,865 INFO  [restartedMain] com.zaxxer.hikari.HikariDataSource:HikariPool-1 - Start completed.
2025-01-22 12:23:16,896 INFO  [restartedMain] org.hibernate.dialect.Dialect:HHH000400: Using dialect: org.hibernate.dialect.PostgreSQL9Dialect
2025-01-22 12:23:17,753 INFO  [restartedMain] org.hibernate.engine.transaction.jta.platform.internal.JtaPlatformInitiator:HHH000490: Using JtaPlatform implementation: [org.hibernate.engine.transaction.jta.platform.internal.NoJtaPlatform]
2025-01-22 12:23:17,759 INFO  [restartedMain] org.springframework.orm.jpa.LocalContainerEntityManagerFactoryBean:Initialized JPA EntityManagerFactory for persistence unit 'default'
2025-01-22 12:23:18,341 WARN  [restartedMain] org.springframework.boot.autoconfigure.orm.jpa.JpaBaseConfiguration$JpaWebConfiguration:spring.jpa.open-in-view is enabled by default. Therefore, database queries may be performed during view rendering. Explicitly configure spring.jpa.open-in-view to disable this warning
2025-01-22 12:23:18,912 INFO  [restartedMain] org.springframework.boot.autoconfigure.security.servlet.UserDetailsServiceAutoConfiguration:

Using generated security password: 1f73832a-a76b-4e2d-81bf-373b0f6bd151

2025-01-22 12:23:19,104 INFO  [restartedMain] org.springframework.boot.actuate.endpoint.web.EndpointLinksResolver:Exposing 6 endpoint(s) beneath base path '/actuator'
2025-01-22 12:23:19,125 INFO  [restartedMain] org.springframework.security.web.DefaultSecurityFilterChain:Will secure any request with [org.springframework.security.web.context.request.async.WebAsyncManagerIntegrationFilter@6fb54db4, org.springframework.security.web.context.SecurityContextPersistenceFilter@66fbf768, org.springframework.security.web.header.HeaderWriterFilter@4992a62c, org.springframework.web.filter.CorsFilter@3b6a1fa4, org.springframework.security.web.csrf.CsrfFilter@12c73c7b, org.springframework.security.web.authentication.logout.LogoutFilter@2311e8c5, org.springframework.security.web.authentication.UsernamePasswordAuthenticationFilter@ab7f615, org.springframework.security.web.authentication.ui.DefaultLoginPageGeneratingFilter@41172f17, org.springframework.security.web.authentication.ui.DefaultLogoutPageGeneratingFilter@51298d8a, org.springframework.security.web.authentication.www.BasicAuthenticationFilter@3c8ac47f, org.springframework.security.web.savedrequest.RequestCacheAwareFilter@4b281ab, org.springframework.security.web.servletapi.SecurityContextHolderAwareRequestFilter@1a86aeea, org.springframework.security.web.authentication.AnonymousAuthenticationFilter@5d9ee034, org.springframework.security.web.session.SessionManagementFilter@7b6d9b48, org.springframework.security.web.access.ExceptionTranslationFilter@36bca325, org.springframework.security.web.access.intercept.FilterSecurityInterceptor@a7471fe]
2025-01-22 12:23:19,212 INFO  [restartedMain] org.springframework.boot.devtools.autoconfigure.OptionalLiveReloadServer:LiveReload server is running on port 35729
2025-01-22 12:23:19,263 INFO  [restartedMain] org.springframework.boot.web.embedded.tomcat.TomcatWebServer:Tomcat started on port(s): 8080 (http) with context path ''
2025-01-22 12:23:19,281 INFO  [restartedMain] com.tpe.SpringBootIntroApplication:Started SpringBootIntroApplication in 6.824 seconds (JVM running for 7.398)
2025-01-22 12:24:03,735 INFO  [SpringApplicationShutdownHook] org.springframework.orm.jpa.LocalContainerEntityManagerFactoryBean:Closing JPA EntityManagerFactory for persistence unit 'default'
2025-01-22 12:24:03,737 INFO  [SpringApplicationShutdownHook] com.zaxxer.hikari.HikariDataSource:HikariPool-1 - Shutdown initiated...
2025-01-22 12:24:03,741 INFO  [SpringApplicationShutdownHook] com.zaxxer.hikari.HikariDataSource:HikariPool-1 - Shutdown completed.
2025-01-22 12:24:06,272 INFO  [restartedMain] com.tpe.SpringBootIntroApplication:Starting SpringBootIntroApplication using Java 17.0.12 on ümmü with PID 2884 (C:\Users\ummuh\OneDrive\Masaüstü\SpringBootIntro\SpringBootIntro\target\classes started by ummuh in C:\Users\ummuh\OneDrive\Masaüstü\SpringBootIntro\SpringBootIntro)
2025-01-22 12:24:06,272 INFO  [restartedMain] com.tpe.SpringBootIntroApplication:No active profile set, falling back to default profiles: default
2025-01-22 12:24:06,340 INFO  [restartedMain] org.springframework.boot.devtools.env.DevToolsPropertyDefaultsPostProcessor:Devtools property defaults active! Set 'spring.devtools.add-properties' to 'false' to disable
2025-01-22 12:24:06,340 INFO  [restartedMain] org.springframework.boot.devtools.env.DevToolsPropertyDefaultsPostProcessor:For additional web related logging consider setting the 'logging.level.web' property to 'DEBUG'
2025-01-22 12:24:07,520 INFO  [restartedMain] org.springframework.data.repository.config.RepositoryConfigurationDelegate:Bootstrapping Spring Data JPA repositories in DEFAULT mode.
2025-01-22 12:24:07,577 INFO  [restartedMain] org.springframework.data.repository.config.RepositoryConfigurationDelegate:Finished Spring Data repository scanning in 46 ms. Found 1 JPA repository interfaces.
2025-01-22 12:24:08,480 INFO  [restartedMain] org.springframework.boot.web.embedded.tomcat.TomcatWebServer:Tomcat initialized with port(s): 8080 (http)
2025-01-22 12:24:08,502 INFO  [restartedMain] org.apache.catalina.core.StandardService:Starting service [Tomcat]
2025-01-22 12:24:08,503 INFO  [restartedMain] org.apache.catalina.core.StandardEngine:Starting Servlet engine: [Apache Tomcat/9.0.56]
2025-01-22 12:24:08,603 INFO  [restartedMain] org.apache.catalina.core.ContainerBase.[Tomcat].[localhost].[/]:Initializing Spring embedded WebApplicationContext
2025-01-22 12:24:08,604 INFO  [restartedMain] org.springframework.boot.web.servlet.context.ServletWebServerApplicationContext:Root WebApplicationContext: initialization completed in 2262 ms
2025-01-22 12:24:09,132 INFO  [restartedMain] org.hibernate.jpa.internal.util.LogHelper:HHH000204: Processing PersistenceUnitInfo [name: default]
2025-01-22 12:24:09,269 INFO  [restartedMain] org.hibernate.Version:HHH000412: Hibernate ORM core version 5.6.4.Final
2025-01-22 12:24:09,505 INFO  [restartedMain] org.hibernate.annotations.common.Version:HCANN000001: Hibernate Commons Annotations {5.1.2.Final}
2025-01-22 12:24:09,658 INFO  [restartedMain] com.zaxxer.hikari.HikariDataSource:HikariPool-1 - Starting...
2025-01-22 12:24:09,895 INFO  [restartedMain] com.zaxxer.hikari.HikariDataSource:HikariPool-1 - Start completed.
2025-01-22 12:24:09,925 INFO  [restartedMain] org.hibernate.dialect.Dialect:HHH000400: Using dialect: org.hibernate.dialect.PostgreSQL9Dialect
2025-01-22 12:24:10,771 INFO  [restartedMain] org.hibernate.engine.transaction.jta.platform.internal.JtaPlatformInitiator:HHH000490: Using JtaPlatform implementation: [org.hibernate.engine.transaction.jta.platform.internal.NoJtaPlatform]
2025-01-22 12:24:10,780 INFO  [restartedMain] org.springframework.orm.jpa.LocalContainerEntityManagerFactoryBean:Initialized JPA EntityManagerFactory for persistence unit 'default'
2025-01-22 12:24:11,445 WARN  [restartedMain] org.springframework.boot.autoconfigure.orm.jpa.JpaBaseConfiguration$JpaWebConfiguration:spring.jpa.open-in-view is enabled by default. Therefore, database queries may be performed during view rendering. Explicitly configure spring.jpa.open-in-view to disable this warning
2025-01-22 12:24:12,040 INFO  [restartedMain] org.springframework.boot.autoconfigure.security.servlet.UserDetailsServiceAutoConfiguration:

Using generated security password: f35741d9-b867-4766-adae-653597b704ed

2025-01-22 12:24:12,198 INFO  [restartedMain] org.springframework.boot.actuate.endpoint.web.EndpointLinksResolver:Exposing 6 endpoint(s) beneath base path '/actuator'
2025-01-22 12:24:12,215 INFO  [restartedMain] org.springframework.security.web.DefaultSecurityFilterChain:Will secure any request with [org.springframework.security.web.context.request.async.WebAsyncManagerIntegrationFilter@24b45959, org.springframework.security.web.context.SecurityContextPersistenceFilter@400f4507, org.springframework.security.web.header.HeaderWriterFilter@6ca88bae, org.springframework.web.filter.CorsFilter@70da3f0c, org.springframework.security.web.csrf.CsrfFilter@438b3a1d, org.springframework.security.web.authentication.logout.LogoutFilter@2a47642b, org.springframework.security.web.authentication.UsernamePasswordAuthenticationFilter@3550b4b1, org.springframework.security.web.authentication.ui.DefaultLoginPageGeneratingFilter@72487079, org.springframework.security.web.authentication.ui.DefaultLogoutPageGeneratingFilter@1940a930, org.springframework.security.web.authentication.www.BasicAuthenticationFilter@1ad1bdc, org.springframework.security.web.savedrequest.RequestCacheAwareFilter@3cd949d4, org.springframework.security.web.servletapi.SecurityContextHolderAwareRequestFilter@4643a891, org.springframework.security.web.authentication.AnonymousAuthenticationFilter@5fb20003, org.springframework.security.web.session.SessionManagementFilter@1319b4e1, org.springframework.security.web.access.ExceptionTranslationFilter@35e623b8, org.springframework.security.web.access.intercept.FilterSecurityInterceptor@fe8db31]
2025-01-22 12:24:12,303 INFO  [restartedMain] org.springframework.boot.devtools.autoconfigure.OptionalLiveReloadServer:LiveReload server is running on port 35729
2025-01-22 12:24:12,357 INFO  [restartedMain] org.springframework.boot.web.embedded.tomcat.TomcatWebServer:Tomcat started on port(s): 8080 (http) with context path ''
2025-01-22 12:24:12,380 INFO  [restartedMain] com.tpe.SpringBootIntroApplication:Started SpringBootIntroApplication in 6.748 seconds (JVM running for 7.331)
2025-01-22 12:24:12,686 INFO  [http-nio-8080-exec-1] org.apache.catalina.core.ContainerBase.[Tomcat].[localhost].[/]:Initializing Spring DispatcherServlet 'dispatcherServlet'
